<?xml version="1.0" encoding="UTF-8"?>
<testsuite xmlns:xsi="http://www.w3.org/2001/XMLSchema-instance" xsi:schemaLocation="https://maven.apache.org/surefire/maven-surefire-plugin/xsd/surefire-test-report.xsd" name="com.aspire.classroster.dao.ClassRosterDaoFileImplTest" time="0.04" tests="4" errors="0" skipped="0" failures="0">
  <properties>
[...]
</properties>
  <testcase name="testGetStudent" classname="com.aspire.classroster.dao.ClassRosterDaoFileImplTest" time="0.026"/>
  <testcase name="testAddStudent" classname="com.aspire.classroster.dao.ClassRosterDaoFileImplTest" time="0.002"/>
  <testcase name="testGetAllStudents" classname="com.aspire.classroster.dao.ClassRosterDaoFileImplTest" time="0.003"/>
  <testcase name="testRemoveStudent" classname="com.aspire.classroster.dao.ClassRosterDaoFileImplTest" time="0.004"/>
</testsuite>